Cyclismo/Cyclismo/proguard/mapping.txt
org.cowboycoders.cyclisimo.AbstractMyTracksActivity -> org.cowboycoders.cyclisimo.AbstractMyTracksActivity:
    java.lang.String TAG -> m
    58:70:void onCreate(android.os.Bundle) -> onCreate
    int getLayoutResId() -> f
    81:81:boolean hideTitle() -> g
    88:90:void onHomeSelected() -> h
    94:98:boolean onOptionsItemSelected(android.view.MenuItem) -> onOptionsItemSelected
org.cowboycoders.cyclisimo.AggregatedStatsActivity -> org.cowboycoders.cyclisimo.AggregatedStatsActivity:
    58:61:void onCreate(android.os.Bundle) -> onCreate
    65:65:int getLayoutResId() -> f
org.cowboycoders.cyclisimo.AutoCompleteTextPreference -> org.cowboycoders.cyclisimo.AutoCompleteTextPreference:
    android.widget.AutoCompleteTextView mEditText -> a
    64:74:void onBindDialogView(android.view.View) -> onBindDialogView
    78:84:void onDialogClosed(boolean) -> onDialogClosed
org.cowboycoders.cyclisimo.BikeEditActivity -> org.cowboycoders.cyclisimo.BikeEditActivity:
    java.lang.String TAG -> n
    java.lang.Object unitsLock -> o
    android.widget.EditText name -> p
    android.widget.EditText weight -> q
    boolean newBike -> r
    org.cowboycoders.cyclisimo.content.Bike currentBike -> s
    android.widget.CheckBox shared -> t
    boolean validName -> u
    boolean validWeight -> v
    org.cowboycoders.cyclisimo.content.CyclismoProviderUtils providerUtils -> w
    android.widget.Button saveButton -> x
    org.cowboycoders.cyclisimo.util.Units currentUnits -> y
    org.cowboycoders.cyclisimo.util.Units targetUnits -> z
    android.content.SharedPreferences sharedPreferences -> A
    android.content.SharedPreferences$OnSharedPreferenceChangeListener sharedPreferenceChangeListener -> B
    android.widget.TextView weightLabel -> C
    116:255:void onCreate(android.os.Bundle) -> onCreate
    258:274:void updateWeightUI() -> i
    292:293:void updateItems() -> j
    296:305:void validateName() -> k
    308:318:boolean validateWeight() -> l
    323:323:int getLayoutResId() -> f
    328:329:boolean onCreateOptionsMenu(android.view.Menu) -> onCreateOptionsMenu
    334:340:boolean onOptionsItemSelected(android.view.MenuItem) -> onOptionsItemSelected
    346:354:void onStart() -> onStart
    358:363:void onStop() -> onStop
    90:90:void access$0(org.cowboycoders.cyclisimo.BikeEditActivity,org.cowboycoders.cyclisimo.util.Units) -> a
org.cowboycoders.cyclisimo.BikeEditActivity$1 -> org.cowboycoders.cyclisimo.a:
    org.cowboycoders.cyclisimo.BikeEditActivity this$0 -> a
    97:108:void onSharedPreferenceChanged(android.content.SharedPreferences,java.lang.String) -> onSharedPreferenceChanged
org.cowboycoders.cyclisimo.BikeEditActivity$2 -> org.cowboycoders.cyclisimo.b:
    org.cowboycoders.cyclisimo.BikeEditActivity this$0 -> a
    159:159:void afterTextChanged(android.text.Editable) -> afterTextChanged
    164:164:void beforeTextChanged(java.lang.CharSequence,int,int,int) -> beforeTextChanged
    168:170:void onTextChanged(java.lang.CharSequence,int,int,int) -> onTextChanged
org.cowboycoders.cyclisimo.BikeEditActivity$3 -> org.cowboycoders.cyclisimo.c:
    org.cowboycoders.cyclisimo.BikeEditActivity this$0 -> a
    183:183:void afterTextChanged(android.text.Editable) -> afterTextChanged
    189:189:void beforeTextChanged(java.lang.CharSequence,int,int,int) -> beforeTextChanged
    193:195:void onTextChanged(java.lang.CharSequence,int,int,int) -> onTextChanged
org.cowboycoders.cyclisimo.BikeEditActivity$4 -> org.cowboycoders.cyclisimo.d:
    org.cowboycoders.cyclisimo.BikeEditActivity this$0 -> a
    205:235:void onClick(android.view.View) -> onClick
org.cowboycoders.cyclisimo.BikeEditActivity$5 -> org.cowboycoders.cyclisimo.e:
    org.cowboycoders.cyclisimo.BikeEditActivity this$0 -> a
    242:243:void onClick(android.view.View) -> onClick
org.cowboycoders.cyclisimo.BikeEditActivity$6 -> org.cowboycoders.cyclisimo.f:
    org.cowboycoders.cyclisimo.BikeEditActivity this$0 -> a
    262:268:void run() -> run
...
com.google.api.client.util.ArrayValueMap$ArrayValue -> com.google.a.a.c.f:
    java.lang.Class componentType -> a
    java.util.ArrayList values -> b
    68:68:java.lang.Object toArray() -> a
com.google.api.client.util.ClassInfo -> com.google.a.a.c.g:
    java.util.Map CACHE -> b
    java.lang.Class clazz -> c
    java.util.IdentityHashMap nameToFieldInfoMap -> d
    java.util.List names -> a
    65:75:com.google.api.client.util.ClassInfo of(java.lang.Class) -> a
    94:94:com.google.api.client.util.FieldInfo getFieldInfo(java.lang.String) -> a
    114:114:boolean isEnum() -> a
    122:122:java.util.Collection getNames() -> b
com.google.api.client.util.ClassInfo$1 -> com.google.a.a.c.h:
    com.google.api.client.util.ClassInfo this$0 -> a
    128:128:int compare(java.lang.Object,java.lang.Object) -> compare
com.google.api.client.util.Data -> com.google.a.a.c.i:
    java.lang.Boolean NULL_BOOLEAN -> a
    java.lang.String NULL_STRING -> b
    java.lang.Character NULL_CHARACTER -> c
    java.lang.Byte NULL_BYTE -> d
    java.lang.Short NULL_SHORT -> e
    java.lang.Integer NULL_INTEGER -> f
    java.lang.Float NULL_FLOAT -> g
    java.lang.Long NULL_LONG -> h
    java.lang.Double NULL_DOUBLE -> i
    java.math.BigInteger NULL_BIG_INTEGER -> j
    java.math.BigDecimal NULL_BIG_DECIMAL -> k
    com.google.api.client.util.DateTime NULL_DATE_TIME -> l
    java.util.concurrent.ConcurrentHashMap NULL_CACHE -> m
    156:156:boolean isNull(java.lang.Object) -> a
    209:225:java.lang.Object clone(java.lang.Object) -> b
    258:322:void deepCopy(java.lang.Object,java.lang.Object) -> a
    333:340:boolean isPrimitive(java.lang.reflect.Type) -> a
    382:431:java.lang.Object parsePrimitiveValue(java.lang.reflect.Type,java.lang.String) -> a
    452:471:java.util.Collection newCollectionInstance(java.lang.reflect.Type) -> b
    514:530:java.lang.reflect.Type resolveWildcardTypeOrTypeVariable(java.util.List,java.lang.reflect.Type) -> a
com.google.api.client.util.DataMap -> com.google.a.a.c.j:
    java.lang.Object object -> a
    com.google.api.client.util.ClassInfo classInfo -> b
    52:52:com.google.api.client.util.DataMap$EntrySet entrySet() -> a
    57:57:boolean containsKey(java.lang.Object) -> containsKey
    62:69:java.lang.Object get(java.lang.Object) -> get
    31:31:java.util.Set entrySet() -> entrySet
    31:31:java.lang.Object put(java.lang.Object,java.lang.Object) -> put
com.google.api.client.util.DataMap$Entry -> com.google.a.a.c.k:
    java.lang.Object fieldValue -> b
    com.google.api.client.util.FieldInfo fieldInfo -> c
    com.google.api.client.util.DataMap this$0 -> a
    210:210:java.lang.Object getValue() -> getValue
    214:217:java.lang.Object setValue(java.lang.Object) -> setValue
    222:222:int hashCode() -> hashCode
    227:234:boolean equals(java.lang.Object) -> equals
    189:189:java.lang.Object getKey() -> getKey
com.google.api.client.util.DataMap$EntryIterator -> com.google.a.a.c.l:
    int nextKeyIndex -> b
    com.google.api.client.util.FieldInfo nextFieldInfo -> c
    java.lang.Object nextFieldValue -> d
    boolean isRemoved -> e
    boolean isComputed -> f
    com.google.api.client.util.FieldInfo currentFieldInfo -> g
    com.google.api.client.util.DataMap this$0 -> a
    152:160:boolean hasNext() -> hasNext
    177:180:void remove() -> remove
    119:119:java.lang.Object next() -> next
com.google.api.client.util.DataMap$EntrySet -> com.google.a.a.c.m:
    com.google.api.client.util.DataMap this$0 -> a
    86:86:com.google.api.client.util.DataMap$EntryIterator iterator() -> a
    91:97:int size() -> size
    102:105:void clear() -> clear
    109:114:boolean isEmpty() -> isEmpty
    82:82:java.util.Iterator iterator() -> iterator