Cyclismo/Cyclismo/proguard/usage.txt
org.cowboycoders.cyclisimo.BaseOverlay
org.cowboycoders.cyclisimo.BikeEditActivity:
    public static final java.lang.String EXTRA_NEW_BIKE
    public static final java.lang.String EXTRA_BIKE
org.cowboycoders.cyclisimo.BuildConfig
org.cowboycoders.cyclisimo.ChartValueSeries:
    private static final float STROKE_WIDTH
org.cowboycoders.cyclisimo.ChartView:
    public static final float MEDIUM_TEXT_SIZE
    public static final float SMALL_TEXT_SIZE
    public static final int Y_AXIS_INTERVALS
    public static final int NUM_SERIES
    public static final int ELEVATION_SERIES
    public static final int SPEED_SERIES
    public static final int PACE_SERIES
    public static final int HEART_RATE_SERIES
    public static final int CADENCE_SERIES
    public static final int POWER_SERIES
    private static final int TARGET_X_AXIS_INTERVALS
    private static final int MIN_ZOOM_LEVEL
    private static final int MAX_ZOOM_LEVEL
    private static final int BORDER
    private static final int SPACER
    private static final int Y_AXIS_OFFSET
    1121:1121:public boolean isMetricUnits()
org.cowboycoders.cyclisimo.ColoredPath
org.cowboycoders.cyclisimo.Constants
org.cowboycoders.cyclisimo.CourseListActivity:
    private static final int GOOGLE_PLAY_SERVICES_REQUEST_CODE
    private static final int REQUEST_CODE
org.cowboycoders.cyclisimo.CourseSetupActivity:
    private static final java.lang.String TAG
org.cowboycoders.cyclisimo.DummyOverlay:
    63:64:public void update()
org.cowboycoders.cyclisimo.ImportActivity:
    public static final java.lang.String EXTRA_IMPORT_ALL
    private static final int DIALOG_PROGRESS_ID
    private static final int DIALOG_RESULT_ID
org.cowboycoders.cyclisimo.Manifest
org.cowboycoders.cyclisimo.Manifest$permission
org.cowboycoders.cyclisimo.MapOverlay:
    public static final float WAYPOINT_X_ANCHOR
    private static final float WAYPOINT_Y_ANCHOR
    private static final float MARKER_X_ANCHOR
    private static final float MARKER_Y_ANCHOR
    private static final int INITIAL_LOCATIONS_SIZE
    117:117:public java.util.List getWaypoints()
    135:135:public android.content.Context getContext()
org.cowboycoders.cyclisimo.MarkerDetailActivity:
    public static final java.lang.String EXTRA_MARKER_ID
org.cowboycoders.cyclisimo.MarkerEditActivity:
    public static final java.lang.String EXTRA_TRACK_ID
    public static final java.lang.String EXTRA_MARKER_ID
org.cowboycoders.cyclisimo.MarkerListActivity:
    public static final java.lang.String EXTRA_TRACK_ID
org.cowboycoders.cyclisimo.R
org.cowboycoders.cyclisimo.R$array
org.cowboycoders.cyclisimo.R$attr
org.cowboycoders.cyclisimo.R$color
org.cowboycoders.cyclisimo.R$dimen
org.cowboycoders.cyclisimo.R$drawable
org.cowboycoders.cyclisimo.R$id
org.cowboycoders.cyclisimo.R$layout
org.cowboycoders.cyclisimo.R$menu
org.cowboycoders.cyclisimo.R$plurals
org.cowboycoders.cyclisimo.R$raw
org.cowboycoders.cyclisimo.R$string
org.cowboycoders.cyclisimo.R$style
org.cowboycoders.cyclisimo.R$styleable
org.cowboycoders.cyclisimo.R$xml
org.cowboycoders.cyclisimo.SearchListActivity:
    private static final java.lang.String IS_RECORDING_FIELD
    private static final java.lang.String IS_PAUSED_FIELD
    private static final java.lang.String ICON_ID_FIELD
    private static final java.lang.String ICON_CONTENT_DESCRIPTION_ID_FIELD
    private static final java.lang.String NAME_FIELD
    private static final java.lang.String CATEGORY_FIELD
    private static final java.lang.String TOTAL_TIME_FIELD
    private static final java.lang.String TOTAL_DISTANCE_FIELD
    private static final java.lang.String START_TIME_FIELD
    private static final java.lang.String DESCRIPTION_FIELD
    private static final java.lang.String TRACK_ID_FIELD
    private static final java.lang.String MARKER_ID_FIELD
org.cowboycoders.cyclisimo.SensorStateActivity:
    private static final long REFRESH_PERIOD_MS
...
com.google.wireless.gdata2.client.PreconditionFailedException
com.google.wireless.gdata2.client.QueryParams
com.google.wireless.gdata2.client.ResourceGoneException
com.google.wireless.gdata2.client.ResourceNotFoundException
com.google.wireless.gdata2.client.ResourceNotModifiedException
com.google.wireless.gdata2.client.ResourceUnavailableException
com.google.wireless.gdata2.contacts.client.ContactsClient
com.google.wireless.gdata2.contacts.data.CalendarLink
com.google.wireless.gdata2.contacts.data.ContactEntry
com.google.wireless.gdata2.contacts.data.ContactsElement
com.google.wireless.gdata2.contacts.data.ContactsFeed
com.google.wireless.gdata2.contacts.data.EmailAddress
com.google.wireless.gdata2.contacts.data.Event
com.google.wireless.gdata2.contacts.data.ExternalId
com.google.wireless.gdata2.contacts.data.GeoPt
com.google.wireless.gdata2.contacts.data.GroupEntry
com.google.wireless.gdata2.contacts.data.GroupMembershipInfo
com.google.wireless.gdata2.contacts.data.GroupsFeed
com.google.wireless.gdata2.contacts.data.ImAddress
com.google.wireless.gdata2.contacts.data.Jot
com.google.wireless.gdata2.contacts.data.Language
com.google.wireless.gdata2.contacts.data.Name
com.google.wireless.gdata2.contacts.data.Organization
com.google.wireless.gdata2.contacts.data.PhoneNumber
com.google.wireless.gdata2.contacts.data.Relation
com.google.wireless.gdata2.contacts.data.StructuredPostalAddress
com.google.wireless.gdata2.contacts.data.TypedElement
com.google.wireless.gdata2.contacts.data.UserDefinedField
com.google.wireless.gdata2.contacts.data.WebSite
com.google.wireless.gdata2.contacts.parser.xml.XmlContactsGDataParser
com.google.wireless.gdata2.contacts.parser.xml.XmlContactsGDataParserFactory
com.google.wireless.gdata2.contacts.parser.xml.XmlGroupEntryGDataParser
com.google.wireless.gdata2.contacts.parser.xml.XmlNametable
com.google.wireless.gdata2.contacts.serializer.xml.XmlContactEntryGDataSerializer
com.google.wireless.gdata2.contacts.serializer.xml.XmlGroupEntryGDataSerializer
com.google.wireless.gdata2.data.Entry
com.google.wireless.gdata2.data.ExtendedProperty
com.google.wireless.gdata2.data.Feed
com.google.wireless.gdata2.data.MediaEntry
com.google.wireless.gdata2.data.StringUtils
com.google.wireless.gdata2.data.XmlUtils
com.google.wireless.gdata2.data.batch.BatchInfo
com.google.wireless.gdata2.data.batch.BatchInterrupted
com.google.wireless.gdata2.data.batch.BatchStatus
com.google.wireless.gdata2.data.batch.BatchUtils
com.google.wireless.gdata2.parser.GDataParser
com.google.wireless.gdata2.parser.ParseException
com.google.wireless.gdata2.parser.xml.SimplePullParser
com.google.wireless.gdata2.parser.xml.SimplePullParser$ParseException
com.google.wireless.gdata2.parser.xml.XmlGDataParser
com.google.wireless.gdata2.parser.xml.XmlMediaEntryGDataParser
com.google.wireless.gdata2.parser.xml.XmlNametable
com.google.wireless.gdata2.parser.xml.XmlParserFactory
com.google.wireless.gdata2.serializer.GDataSerializer
com.google.wireless.gdata2.serializer.xml.XmlBatchGDataSerializer
com.google.wireless.gdata2.serializer.xml.XmlEntryGDataSerializer
com.ipaulpro.afilechooser.FileChooserActivity:
    public static final java.lang.String PATH
com.ipaulpro.afilechooser.FileListAdapter:
    52:52:public java.util.ArrayList getListItems()
    65:66:public void add(java.io.File)
com.ipaulpro.afilechooser.FileListFragment:
    private static final int LOADER_ID
com.ipaulpro.afilechooser.FileLoader:
    private static final int FILE_OBSERVER_MASK
com.ipaulpro.afilechooser.R:
    9:9:public R()
com.ipaulpro.afilechooser.R$dimen
com.ipaulpro.afilechooser.R$drawable:
    14:14:public R$drawable()
com.ipaulpro.afilechooser.R$id:
    19:19:public R$id()
com.ipaulpro.afilechooser.R$layout:
    24:24:public R$layout()
com.ipaulpro.afilechooser.R$string:
    28:28:public R$string()
com.ipaulpro.afilechooser.R$style
com.ipaulpro.afilechooser.R$xml